  main.cpp
D:\SDLgame\SDLgame\src\constants.h(7,25): warning C4244: 'initializing': conversion from 'double' to 'int', possible loss of data
  (compiling source file 'main.cpp')
  
D:\SDLgame\SDLgame\src\main.cpp(218,22): warning C4566: character represented by universal-character-name '\u274C' cannot be represented in the current code page (1252)
C:\Program Files\Microsoft Visual Studio\2022\Community\VC\Tools\MSVC\14.43.34808\include\xmemory(732,103): warning C4244: 'argument': conversion from 'int' to 'float', possible loss of data
  (compiling source file 'main.cpp')
      C:\Program Files\Microsoft Visual Studio\2022\Community\VC\Tools\MSVC\14.43.34808\include\xmemory(732,103):
      the template instantiation context (the oldest one first) is
          D:\SDLgame\SDLgame\src\main.cpp(331,29):
          see reference to function template instantiation 'void std::vector<Bullet,std::allocator<Bullet>>::emplace_back<SDL_Texture*&,float&,float&,int&,int&>(SDL_Texture *&,float &,float &,int &,int &)' being compiled
              D:\SDLgame\SDLgame\src\main.cpp(331,41):
              see the first reference to 'std::vector<Bullet,std::allocator<Bullet>>::emplace_back' in 'SDL_main'
          C:\Program Files\Microsoft Visual Studio\2022\Community\VC\Tools\MSVC\14.43.34808\include\vector(909,24):
          see reference to function template instantiation '_Ty &std::vector<_Ty,std::allocator<_Ty>>::_Emplace_one_at_back<SDL_Texture*&,float&,float&,int&,int&>(SDL_Texture *&,float &,float &,int &,int &)' being compiled
          with
          [
              _Ty=Bullet
          ]
          C:\Program Files\Microsoft Visual Studio\2022\Community\VC\Tools\MSVC\14.43.34808\include\vector(830,20):
          see reference to function template instantiation '_Ty &std::vector<_Ty,std::allocator<_Ty>>::_Emplace_back_with_unused_capacity<SDL_Texture*&,float&,float&,int&,int&>(SDL_Texture *&,float &,float &,int &,int &)' being compiled
          with
          [
              _Ty=Bullet
          ]
          C:\Program Files\Microsoft Visual Studio\2022\Community\VC\Tools\MSVC\14.43.34808\include\vector(848,27):
          see reference to function template instantiation 'void std::_Default_allocator_traits<_Alloc>::construct<_Ty,SDL_Texture*&,float&,float&,int&,int&>(_Alloc &,_Objty *const ,SDL_Texture *&,float &,float &,int &,int &)' being compiled
          with
          [
              _Alloc=std::allocator<Bullet>,
              _Ty=Bullet,
              _Objty=Bullet
          ]
  
C:\Program Files\Microsoft Visual Studio\2022\Community\VC\Tools\MSVC\14.43.34808\include\xmemory(732,103): warning C4244: 'argument': conversion from '_Ty' to 'float', possible loss of data
C:\Program Files\Microsoft Visual Studio\2022\Community\VC\Tools\MSVC\14.43.34808\include\xmemory(732,103): warning C4244:         with
C:\Program Files\Microsoft Visual Studio\2022\Community\VC\Tools\MSVC\14.43.34808\include\xmemory(732,103): warning C4244:         [
C:\Program Files\Microsoft Visual Studio\2022\Community\VC\Tools\MSVC\14.43.34808\include\xmemory(732,103): warning C4244:             _Ty=int
C:\Program Files\Microsoft Visual Studio\2022\Community\VC\Tools\MSVC\14.43.34808\include\xmemory(732,103): warning C4244:         ]
  (compiling source file 'main.cpp')
      C:\Program Files\Microsoft Visual Studio\2022\Community\VC\Tools\MSVC\14.43.34808\include\xmemory(732,103):
      the template instantiation context (the oldest one first) is
          D:\SDLgame\SDLgame\src\main.cpp(430,33):
          see reference to function template instantiation 'void std::vector<FireEnemy,std::allocator<FireEnemy>>::emplace_back<SDL_Texture*&,int,int>(SDL_Texture *&,int &&,int &&)' being compiled
              D:\SDLgame\SDLgame\src\main.cpp(430,45):
              see the first reference to 'std::vector<FireEnemy,std::allocator<FireEnemy>>::emplace_back' in 'SDL_main'
          C:\Program Files\Microsoft Visual Studio\2022\Community\VC\Tools\MSVC\14.43.34808\include\vector(909,24):
          see reference to function template instantiation '_Ty &std::vector<_Ty,std::allocator<_Ty>>::_Emplace_one_at_back<SDL_Texture*&,int,int>(SDL_Texture *&,int &&,int &&)' being compiled
          with
          [
              _Ty=FireEnemy
          ]
          C:\Program Files\Microsoft Visual Studio\2022\Community\VC\Tools\MSVC\14.43.34808\include\vector(830,20):
          see reference to function template instantiation '_Ty &std::vector<_Ty,std::allocator<_Ty>>::_Emplace_back_with_unused_capacity<SDL_Texture*&,int,int>(SDL_Texture *&,int &&,int &&)' being compiled
          with
          [
              _Ty=FireEnemy
          ]
          C:\Program Files\Microsoft Visual Studio\2022\Community\VC\Tools\MSVC\14.43.34808\include\vector(848,27):
          see reference to function template instantiation 'void std::_Default_allocator_traits<_Alloc>::construct<_Ty,SDL_Texture*&,int,int>(_Alloc &,_Objty *const ,SDL_Texture *&,int &&,int &&)' being compiled
          with
          [
              _Alloc=std::allocator<FireEnemy>,
              _Ty=FireEnemy,
              _Objty=FireEnemy
          ]
  
  SDLgame.vcxproj -> D:\SDLgame\SDLgame\src\x64\Debug\SDLgame.exe
